This is pdfTeX, Version 3.1415926-2.4-1.40.13 (TeX Live 2012/W32TeX) (format=pdflatex 2012.12.21)  15 APR 2013 00:27
entering extended mode
 restricted \write18 enabled.
 %&-line parsing enabled.
**aasp-challenge.tex
(./aasp-challenge.tex
LaTeX2e <2011/06/27>
Babel <v3.8m> and hyphenation patterns for english, dumylang, nohyphenation, uk
english, usenglishmax, loaded.
(d:/Program Files/TexLive/texmf-dist/tex/latex/base/article.cls
Document Class: article 2007/10/19 v1.4h Standard LaTeX document class
(d:/Program Files/TexLive/texmf-dist/tex/latex/base/size10.clo
File: size10.clo 2007/10/19 v1.4h Standard LaTeX file (size option)
)
\c@part=\count79
\c@section=\count80
\c@subsection=\count81
\c@subsubsection=\count82
\c@paragraph=\count83
\c@subparagraph=\count84
\c@figure=\count85
\c@table=\count86
\abovecaptionskip=\skip41
\belowcaptionskip=\skip42
\bibindent=\dimen102
) (./aasp.sty
\headrulewidth=\dimen103
\footrulewidth=\dimen104
\plainheadrulewidth=\dimen105
\plainfootrulewidth=\dimen106
\headwidth=\dimen107
)
(d:/Program Files/TexLive/texmf-dist/tex/latex/amsmath/amsmath.sty
Package: amsmath 2000/07/18 v2.13 AMS math features
\@mathmargin=\skip43

For additional information on amsmath, use the `?' option.
(d:/Program Files/TexLive/texmf-dist/tex/latex/amsmath/amstext.sty
Package: amstext 2000/06/29 v2.01

(d:/Program Files/TexLive/texmf-dist/tex/latex/amsmath/amsgen.sty
File: amsgen.sty 1999/11/30 v2.0
\@emptytoks=\toks14
\ex@=\dimen108
))
(d:/Program Files/TexLive/texmf-dist/tex/latex/amsmath/amsbsy.sty
Package: amsbsy 1999/11/29 v1.2d
\pmbraise@=\dimen109
)
(d:/Program Files/TexLive/texmf-dist/tex/latex/amsmath/amsopn.sty
Package: amsopn 1999/12/14 v2.01 operator names
)
\inf@bad=\count87
LaTeX Info: Redefining \frac on input line 211.
\uproot@=\count88
\leftroot@=\count89
LaTeX Info: Redefining \overline on input line 307.
\classnum@=\count90
\DOTSCASE@=\count91
LaTeX Info: Redefining \ldots on input line 379.
LaTeX Info: Redefining \dots on input line 382.
LaTeX Info: Redefining \cdots on input line 467.
\Mathstrutbox@=\box26
\strutbox@=\box27
\big@size=\dimen110
LaTeX Font Info:    Redeclaring font encoding OML on input line 567.
LaTeX Font Info:    Redeclaring font encoding OMS on input line 568.
\macc@depth=\count92
\c@MaxMatrixCols=\count93
\dotsspace@=\muskip10
\c@parentequation=\count94
\dspbrk@lvl=\count95
\tag@help=\toks15
\row@=\count96
\column@=\count97
\maxfields@=\count98
\andhelp@=\toks16
\eqnshift@=\dimen111
\alignsep@=\dimen112
\tagshift@=\dimen113
\tagwidth@=\dimen114
\totwidth@=\dimen115
\lineht@=\dimen116
\@envbody=\toks17
\multlinegap=\skip44
\multlinetaggap=\skip45
\mathdisplay@stack=\toks18
LaTeX Info: Redefining \[ on input line 2666.
LaTeX Info: Redefining \] on input line 2667.
)
(d:/Program Files/TexLive/texmf-dist/tex/latex/graphics/graphicx.sty
Package: graphicx 1999/02/16 v1.0f Enhanced LaTeX Graphics (DPC,SPQR)

(d:/Program Files/TexLive/texmf-dist/tex/latex/graphics/keyval.sty
Package: keyval 1999/03/16 v1.13 key=value parser (DPC)
\KV@toks@=\toks19
)
(d:/Program Files/TexLive/texmf-dist/tex/latex/graphics/graphics.sty
Package: graphics 2009/02/05 v1.0o Standard LaTeX Graphics (DPC,SPQR)

(d:/Program Files/TexLive/texmf-dist/tex/latex/graphics/trig.sty
Package: trig 1999/03/16 v1.09 sin cos tan (DPC)
)
(d:/Program Files/TexLive/texmf-dist/tex/latex/latexconfig/graphics.cfg
File: graphics.cfg 2010/04/23 v1.9 graphics configuration of TeX Live
)
Package graphics Info: Driver file: pdftex.def on input line 91.

(d:/Program Files/TexLive/texmf-dist/tex/latex/pdftex-def/pdftex.def
File: pdftex.def 2011/05/27 v0.06d Graphics/color for pdfTeX

(d:/Program Files/TexLive/texmf-dist/tex/generic/oberdiek/infwarerr.sty
Package: infwarerr 2010/04/08 v1.3 Providing info/warning/error messages (HO)
)
(d:/Program Files/TexLive/texmf-dist/tex/generic/oberdiek/ltxcmds.sty
Package: ltxcmds 2011/11/09 v1.22 LaTeX kernel commands for general use (HO)
)
\Gread@gobject=\count99
))
\Gin@req@height=\dimen117
\Gin@req@width=\dimen118
)
(./url.sty
\Urlmuskip=\muskip11
Package: url 2006/04/12  ver 3.3  Verb mode for urls, etc.
) (d:/Program Files/TexLive/texmf-dist/tex/latex/psnfss/times.sty
Package: times 2005/04/12 PSNFSS-v9.2a (SPQR) 
)
(./aasp-challenge.aux)
\openout1 = `aasp-challenge.aux'.

LaTeX Font Info:    Checking defaults for OML/cmm/m/it on input line 48.
LaTeX Font Info:    ... okay on input line 48.
LaTeX Font Info:    Checking defaults for T1/cmr/m/n on input line 48.
LaTeX Font Info:    ... okay on input line 48.
LaTeX Font Info:    Checking defaults for OT1/cmr/m/n on input line 48.
LaTeX Font Info:    ... okay on input line 48.
LaTeX Font Info:    Checking defaults for OMS/cmsy/m/n on input line 48.
LaTeX Font Info:    ... okay on input line 48.
LaTeX Font Info:    Checking defaults for OMX/cmex/m/n on input line 48.
LaTeX Font Info:    ... okay on input line 48.
LaTeX Font Info:    Checking defaults for U/cmr/m/n on input line 48.
LaTeX Font Info:    ... okay on input line 48.
LaTeX Font Info:    Try loading font information for OT1+ptm on input line 48.

(d:/Program Files/TexLive/texmf-dist/tex/latex/psnfss/ot1ptm.fd
File: ot1ptm.fd 2001/06/04 font definitions for OT1/ptm.
)
(d:/Program Files/TexLive/texmf-dist/tex/context/base/supp-pdf.mkii
[Loading MPS to PDF converter (version 2006.09.02).]
\scratchcounter=\count100
\scratchdimen=\dimen119
\scratchbox=\box28
\nofMPsegments=\count101
\nofMParguments=\count102
\everyMPshowfont=\toks20
\MPscratchCnt=\count103
\MPscratchDim=\dimen120
\MPnumerator=\count104
\makeMPintoPDFobject=\count105
\everyMPtoPDFconversion=\toks21
) (d:/Program Files/TexLive/texmf-dist/tex/generic/oberdiek/pdftexcmds.sty
Package: pdftexcmds 2011/11/29 v0.20 Utility functions of pdfTeX for LuaTeX (HO
)

(d:/Program Files/TexLive/texmf-dist/tex/generic/oberdiek/ifluatex.sty
Package: ifluatex 2010/03/01 v1.3 Provides the ifluatex switch (HO)
Package ifluatex Info: LuaTeX not detected.
)
(d:/Program Files/TexLive/texmf-dist/tex/generic/oberdiek/ifpdf.sty
Package: ifpdf 2011/01/30 v2.3 Provides the ifpdf switch (HO)
Package ifpdf Info: pdfTeX in PDF mode is detected.
)
Package pdftexcmds Info: LuaTeX not detected.
Package pdftexcmds Info: \pdf@primitive is available.
Package pdftexcmds Info: \pdf@ifprimitive is available.
Package pdftexcmds Info: \pdfdraftmode found.
)
(d:/Program Files/TexLive/texmf-dist/tex/latex/oberdiek/epstopdf-base.sty
Package: epstopdf-base 2010/02/09 v2.5 Base part for package epstopdf

(d:/Program Files/TexLive/texmf-dist/tex/latex/oberdiek/grfext.sty
Package: grfext 2010/08/19 v1.1 Manage graphics extensions (HO)

(d:/Program Files/TexLive/texmf-dist/tex/generic/oberdiek/kvdefinekeys.sty
Package: kvdefinekeys 2011/04/07 v1.3 Define keys (HO)
))
(d:/Program Files/TexLive/texmf-dist/tex/latex/oberdiek/kvoptions.sty
Package: kvoptions 2011/06/30 v3.11 Key value format for package options (HO)

(d:/Program Files/TexLive/texmf-dist/tex/generic/oberdiek/kvsetkeys.sty
Package: kvsetkeys 2012/04/25 v1.16 Key value parser (HO)

(d:/Program Files/TexLive/texmf-dist/tex/generic/oberdiek/etexcmds.sty
Package: etexcmds 2011/02/16 v1.5 Avoid name clashes with e-TeX commands (HO)
Package etexcmds Info: Could not find \expanded.
(etexcmds)             That can mean that you are not using pdfTeX 1.50 or
(etexcmds)             that some package has redefined \expanded.
(etexcmds)             In the latter case, load this package earlier.
)))
Package grfext Info: Graphics extension search list:
(grfext)             [.png,.pdf,.jpg,.mps,.jpeg,.jbig2,.jb2,.PNG,.PDF,.JPG,.JPE
G,.JBIG2,.JB2,.eps]
(grfext)             \AppendGraphicsExtensions on input line 452.

(d:/Program Files/TexLive/texmf-dist/tex/latex/latexconfig/epstopdf-sys.cfg
File: epstopdf-sys.cfg 2010/07/13 v1.3 Configuration of (r)epstopdf for TeX Liv
e
))
LaTeX Font Info:    Font shape `OT1/ptm/bx/n' in size <12> not available
(Font)              Font shape `OT1/ptm/b/n' tried instead on input line 50.
LaTeX Font Info:    Try loading font information for OMS+ptm on input line 50.

(d:/Program Files/TexLive/texmf-dist/tex/latex/psnfss/omsptm.fd
File: omsptm.fd 
)
LaTeX Font Info:    Font shape `OMS/ptm/m/n' in size <8> not available
(Font)              Font shape `OMS/cmsy/m/n' tried instead on input line 50.
LaTeX Font Info:    Font shape `OT1/ptm/bx/n' in size <9> not available
(Font)              Font shape `OT1/ptm/b/n' tried instead on input line 54.

(./abstract.tex)
LaTeX Font Info:    Font shape `OT1/ptm/bx/it' in size <9> not available
(Font)              Font shape `OT1/ptm/b/it' tried instead on input line 58.
 (./intro.tex) (./features.tex) (./training.tex)
(./segmentation.tex

LaTeX Warning: Citation `silenceRemove' on page 1 undefined on input line 1.

[1{d:/Program Files/TexLive/texmf-var/fonts/map/pdftex/updmap/pdftex.map}



])
(./classification.tex) (./results.tex
Package epstopdf Info: Source file: <confmatrix1.eps>
(epstopdf)                    date: 2013-04-14 23:07:37
(epstopdf)                    size: 17460 bytes
(epstopdf)             Output file: <confmatrix1-eps-converted-to.pdf>
(epstopdf)                    date: 2013-04-14 23:09:42
(epstopdf)                    size: 11476 bytes
(epstopdf)             Command: <repstopdf --outfile=confmatrix1-eps-converted-
to.pdf confmatrix1.eps>
(epstopdf)             \includegraphics on input line 18.
Package epstopdf Info: Output file is already uptodate.

<confmatrix1-eps-converted-to.pdf, id=11, 562.1pt x 421.575pt>
File: confmatrix1-eps-converted-to.pdf Graphic file (type pdf)

<use confmatrix1-eps-converted-to.pdf>
Package pdftex.def Info: confmatrix1-eps-converted-to.pdf used on input line 18
.
(pdftex.def)             Requested size: 241.84842pt x 181.38306pt.
Package epstopdf Info: Source file: <confmatrix2.eps>
(epstopdf)                    date: 2013-04-14 23:07:37
(epstopdf)                    size: 17454 bytes
(epstopdf)             Output file: <confmatrix2-eps-converted-to.pdf>
(epstopdf)                    date: 2013-04-14 23:09:44
(epstopdf)                    size: 11485 bytes
(epstopdf)             Command: <repstopdf --outfile=confmatrix2-eps-converted-
to.pdf confmatrix2.eps>
(epstopdf)             \includegraphics on input line 25.
Package epstopdf Info: Output file is already uptodate.

<confmatrix2-eps-converted-to.pdf, id=12, 562.1pt x 421.575pt>
File: confmatrix2-eps-converted-to.pdf Graphic file (type pdf)

<use confmatrix2-eps-converted-to.pdf>
Package pdftex.def Info: confmatrix2-eps-converted-to.pdf used on input line 25
.
(pdftex.def)             Requested size: 241.84842pt x 181.38306pt.
) (./conclusion.tex)

LaTeX Warning: Citation `cJones2003' on page 2 undefined on input line 101.


LaTeX Warning: Citation `aSmith2000' on page 2 undefined on input line 101.


LaTeX Warning: Citation `aaspweb' on page 2 undefined on input line 104.


Underfull \vbox (badness 2050) has occurred while \output is active []

 [2 <./confmatrix1-eps-converted-to.pdf> <./confmatrix2-eps-converted-to.pdf>]
No file aasp-challenge.bbl.
[3

] (./aasp-challenge.aux)

LaTeX Warning: There were undefined references.

 ) 
Here is how much of TeX's memory you used:
 2397 strings out of 495020
 32056 string characters out of 3180603
 94705 words of memory out of 3000000
 5513 multiletter control sequences out of 15000+200000
 21826 words of font info for 48 fonts, out of 3000000 for 9000
 36 hyphenation exceptions out of 8191
 37i,10n,23p,1134b,279s stack positions out of 5000i,500n,10000p,200000b,50000s
{d:/Program Files/TexLive/texmf-dist/fonts/enc/dvips/base/8r.enc}<d:/Program 
Files/TexLive/texmf-dist/fonts/type1/public/amsfonts/cm/cmmi6.pfb><d:/Program F
iles/TexLive/texmf-dist/fonts/type1/public/amsfonts/cm/cmmi9.pfb><d:/Program Fi
les/TexLive/texmf-dist/fonts/type1/public/amsfonts/cm/cmr6.pfb><d:/Program File
s/TexLive/texmf-dist/fonts/type1/public/amsfonts/cm/cmr9.pfb><d:/Program Files/
TexLive/texmf-dist/fonts/type1/public/amsfonts/cm/cmsy8.pfb><d:/Program Files/T
exLive/texmf-dist/fonts/type1/public/amsfonts/cm/cmsy9.pfb><d:/Program Files/Te
xLive/texmf-dist/fonts/type1/urw/times/utmb8a.pfb><d:/Program Files/TexLive/tex
mf-dist/fonts/type1/urw/times/utmbi8a.pfb><d:/Program Files/TexLive/texmf-dist/
fonts/type1/urw/times/utmr8a.pfb><d:/Program Files/TexLive/texmf-dist/fonts/typ
e1/urw/times/utmri8a.pfb>
Output written on aasp-challenge.pdf (3 pages, 115378 bytes).
PDF statistics:
 69 PDF objects out of 1000 (max. 8388607)
 49 compressed objects within 1 object stream
 0 named destinations out of 1000 (max. 500000)
 11 words of extra memory for PDF output out of 10000 (max. 10000000)

